<?xml version="1.0" encoding="UTF-8"?>
<!-- Generated by org.testng.reporters.JUnitReportReporter -->
<testsuite hostname="INHYLP0031" failures="0" tests="1" name="appium_demonew.appium_demonew.instalapp" time="12.049" errors="0" timestamp="2023-07-19T14:44:43 IST" skipped="0">
  <testcase classname="appium_demonew.appium_demonew.instalapp" name="install" time="12.049"/>
  <system-out/>
</testsuite> <!-- appium_demonew.appium_demonew.instalapp -->
