<?xml version="1.0" encoding="UTF-8"?>
<!-- Generated by org.testng.reporters.JUnitReportReporter -->
<testsuite hostname="INHYLP0031" failures="0" tests="1" name="appium_demonew.appium_demonew.Calculator" time="4.375" errors="0" timestamp="2023-07-21T14:30:02 IST" skipped="0">
  <testcase classname="appium_demonew.appium_demonew.Calculator" name="dialer" time="4.375"/>
  <system-out/>
</testsuite> <!-- appium_demonew.appium_demonew.Calculator -->
